2023-09-28 01:36:31,044:WARNING:
'cuml' is a soft dependency and not included in the pycaret installation. Please run: `pip install cuml` to install.
2023-09-28 01:36:31,044:WARNING:
'cuml' is a soft dependency and not included in the pycaret installation. Please run: `pip install cuml` to install.
2023-09-28 01:36:31,044:WARNING:
'cuml' is a soft dependency and not included in the pycaret installation. Please run: `pip install cuml` to install.
2023-09-28 01:36:31,044:WARNING:
'cuml' is a soft dependency and not included in the pycaret installation. Please run: `pip install cuml` to install.
2023-09-28 01:43:30,914:INFO:PyCaret RegressionExperiment
2023-09-28 01:43:30,915:INFO:Logging name: reg-default-name
2023-09-28 01:43:30,915:INFO:ML Usecase: MLUsecase.REGRESSION
2023-09-28 01:43:30,915:INFO:version 3.1.0
2023-09-28 01:43:30,915:INFO:Initializing setup()
2023-09-28 01:43:30,915:INFO:self.USI: 64c1
2023-09-28 01:43:30,915:INFO:self._variable_keys: {'n_jobs_param', 'seed', 'y_train', 'data', 'X_train', 'y', 'fold_generator', 'exp_name_log', 'idx', 'exp_id', 'logging_param', 'gpu_param', 'html_param', 'log_plots_param', 'pipeline', 'X', 'gpu_n_jobs_param', 'fold_shuffle_param', '_ml_usecase', 'target_param', 'USI', 'X_test', 'fold_groups_param', '_available_plots', 'transform_target_param', 'y_test', 'memory'}
2023-09-28 01:43:30,915:INFO:Checking environment
2023-09-28 01:43:30,915:INFO:python_version: 3.9.13
2023-09-28 01:43:30,915:INFO:python_build: ('tags/v3.9.13:6de2ca5', 'May 17 2022 16:36:42')
2023-09-28 01:43:30,915:INFO:machine: AMD64
2023-09-28 01:43:30,915:INFO:platform: Windows-10-10.0.22621-SP0
2023-09-28 01:43:30,920:INFO:Memory: svmem(total=17114763264, available=6268190720, percent=63.4, used=10846572544, free=6268190720)
2023-09-28 01:43:30,920:INFO:Physical Core: 8
2023-09-28 01:43:30,920:INFO:Logical Core: 16
2023-09-28 01:43:30,920:INFO:Checking libraries
2023-09-28 01:43:30,920:INFO:System:
2023-09-28 01:43:30,920:INFO:    python: 3.9.13 (tags/v3.9.13:6de2ca5, May 17 2022, 16:36:42) [MSC v.1929 64 bit (AMD64)]
2023-09-28 01:43:30,920:INFO:executable: c:\Users\BSH\.virtualenvs\HD_challenge-fUY-RInk\Scripts\python.exe
2023-09-28 01:43:30,920:INFO:   machine: Windows-10-10.0.22621-SP0
2023-09-28 01:43:30,920:INFO:PyCaret required dependencies:
2023-09-28 01:43:30,922:INFO:                 pip: 23.2.1
2023-09-28 01:43:30,922:INFO:          setuptools: 60.2.0
2023-09-28 01:43:30,922:INFO:             pycaret: 3.1.0
2023-09-28 01:43:30,922:INFO:             IPython: 8.15.0
2023-09-28 01:43:30,922:INFO:          ipywidgets: 8.1.1
2023-09-28 01:43:30,922:INFO:                tqdm: 4.65.2
2023-09-28 01:43:30,922:INFO:               numpy: 1.23.5
2023-09-28 01:43:30,922:INFO:              pandas: 1.5.3
2023-09-28 01:43:30,923:INFO:              jinja2: 3.1.2
2023-09-28 01:43:30,923:INFO:               scipy: 1.10.1
2023-09-28 01:43:30,923:INFO:              joblib: 1.3.2
2023-09-28 01:43:30,923:INFO:             sklearn: 1.2.2
2023-09-28 01:43:30,923:INFO:                pyod: 1.1.0
2023-09-28 01:43:30,923:INFO:            imblearn: 0.11.0
2023-09-28 01:43:30,923:INFO:   category_encoders: 2.6.2
2023-09-28 01:43:30,923:INFO:            lightgbm: 3.3.5
2023-09-28 01:43:30,923:INFO:               numba: 0.58.0
2023-09-28 01:43:30,923:INFO:            requests: 2.28.2
2023-09-28 01:43:30,923:INFO:          matplotlib: 3.8.0
2023-09-28 01:43:30,923:INFO:          scikitplot: 0.3.7
2023-09-28 01:43:30,923:INFO:         yellowbrick: 1.5
2023-09-28 01:43:30,923:INFO:              plotly: 5.17.0
2023-09-28 01:43:30,923:INFO:    plotly-resampler: Not installed
2023-09-28 01:43:30,923:INFO:             kaleido: 0.2.1
2023-09-28 01:43:30,923:INFO:           schemdraw: 0.15
2023-09-28 01:43:30,923:INFO:         statsmodels: 0.14.0
2023-09-28 01:43:30,923:INFO:              sktime: 0.21.1
2023-09-28 01:43:30,923:INFO:               tbats: 1.1.3
2023-09-28 01:43:30,923:INFO:            pmdarima: 2.0.3
2023-09-28 01:43:30,923:INFO:              psutil: 5.9.5
2023-09-28 01:43:30,923:INFO:          markupsafe: 2.1.3
2023-09-28 01:43:30,923:INFO:             pickle5: Not installed
2023-09-28 01:43:30,923:INFO:         cloudpickle: 2.2.1
2023-09-28 01:43:30,923:INFO:         deprecation: 2.1.0
2023-09-28 01:43:30,923:INFO:              xxhash: 3.3.0
2023-09-28 01:43:30,923:INFO:           wurlitzer: Not installed
2023-09-28 01:43:30,924:INFO:PyCaret optional dependencies:
2023-09-28 01:43:30,935:INFO:                shap: Not installed
2023-09-28 01:43:30,935:INFO:           interpret: Not installed
2023-09-28 01:43:30,935:INFO:                umap: Not installed
2023-09-28 01:43:30,935:INFO:     ydata_profiling: Not installed
2023-09-28 01:43:30,935:INFO:  explainerdashboard: Not installed
2023-09-28 01:43:30,935:INFO:             autoviz: Not installed
2023-09-28 01:43:30,935:INFO:           fairlearn: Not installed
2023-09-28 01:43:30,935:INFO:          deepchecks: Not installed
2023-09-28 01:43:30,935:INFO:             xgboost: 1.7.6
2023-09-28 01:43:30,935:INFO:            catboost: 1.2.2
2023-09-28 01:43:30,935:INFO:              kmodes: Not installed
2023-09-28 01:43:30,935:INFO:             mlxtend: Not installed
2023-09-28 01:43:30,935:INFO:       statsforecast: 1.4.0
2023-09-28 01:43:30,935:INFO:        tune_sklearn: Not installed
2023-09-28 01:43:30,935:INFO:                 ray: 2.3.1
2023-09-28 01:43:30,935:INFO:            hyperopt: 0.2.7
2023-09-28 01:43:30,935:INFO:              optuna: 3.3.0
2023-09-28 01:43:30,935:INFO:               skopt: Not installed
2023-09-28 01:43:30,935:INFO:              mlflow: Not installed
2023-09-28 01:43:30,935:INFO:              gradio: Not installed
2023-09-28 01:43:30,935:INFO:             fastapi: Not installed
2023-09-28 01:43:30,935:INFO:             uvicorn: Not installed
2023-09-28 01:43:30,935:INFO:              m2cgen: Not installed
2023-09-28 01:43:30,935:INFO:           evidently: Not installed
2023-09-28 01:43:30,935:INFO:               fugue: Not installed
2023-09-28 01:43:30,935:INFO:           streamlit: Not installed
2023-09-28 01:43:30,935:INFO:             prophet: Not installed
2023-09-28 01:43:30,935:INFO:None
2023-09-28 01:43:30,935:INFO:Set up data.
2023-09-28 01:43:31,058:INFO:Set up folding strategy.
2023-09-28 01:43:31,058:INFO:Set up train/test split.
2023-09-28 01:43:31,163:INFO:Set up index.
2023-09-28 01:43:31,171:INFO:Assigning column types.
2023-09-28 01:43:31,242:INFO:Engine successfully changes for model 'lr' to 'sklearn'.
2023-09-28 01:43:31,243:INFO:Engine for model 'lasso' has not been set explicitly, hence returning None.
2023-09-28 01:43:31,245:INFO:Engine for model 'ridge' has not been set explicitly, hence returning None.
2023-09-28 01:43:31,250:INFO:Engine for model 'en' has not been set explicitly, hence returning None.
2023-09-28 01:43:31,366:INFO:Engine for model 'svm' has not been set explicitly, hence returning None.
2023-09-28 01:43:31,399:INFO:Engine for model 'knn' has not been set explicitly, hence returning None.
2023-09-28 01:43:31,399:INFO:Soft dependency imported: xgboost: 1.7.6
2023-09-28 01:43:31,572:INFO:Soft dependency imported: catboost: 1.2.2
2023-09-28 01:43:31,863:INFO:Engine for model 'lasso' has not been set explicitly, hence returning None.
2023-09-28 01:43:31,866:INFO:Engine for model 'ridge' has not been set explicitly, hence returning None.
2023-09-28 01:43:31,869:INFO:Engine for model 'en' has not been set explicitly, hence returning None.
2023-09-28 01:43:31,979:INFO:Engine for model 'svm' has not been set explicitly, hence returning None.
2023-09-28 01:43:32,012:INFO:Engine for model 'knn' has not been set explicitly, hence returning None.
2023-09-28 01:43:32,012:INFO:Soft dependency imported: xgboost: 1.7.6
2023-09-28 01:43:32,014:INFO:Soft dependency imported: catboost: 1.2.2
2023-09-28 01:43:32,014:INFO:Engine successfully changes for model 'lasso' to 'sklearn'.
2023-09-28 01:43:32,019:INFO:Engine for model 'ridge' has not been set explicitly, hence returning None.
2023-09-28 01:43:32,022:INFO:Engine for model 'en' has not been set explicitly, hence returning None.
2023-09-28 01:43:32,130:INFO:Engine for model 'svm' has not been set explicitly, hence returning None.
2023-09-28 01:43:32,163:INFO:Engine for model 'knn' has not been set explicitly, hence returning None.
2023-09-28 01:43:32,163:INFO:Soft dependency imported: xgboost: 1.7.6
2023-09-28 01:43:32,165:INFO:Soft dependency imported: catboost: 1.2.2
2023-09-28 01:43:32,168:INFO:Engine for model 'ridge' has not been set explicitly, hence returning None.
2023-09-28 01:43:32,172:INFO:Engine for model 'en' has not been set explicitly, hence returning None.
2023-09-28 01:43:32,285:INFO:Engine for model 'svm' has not been set explicitly, hence returning None.
2023-09-28 01:43:32,317:INFO:Engine for model 'knn' has not been set explicitly, hence returning None.
2023-09-28 01:43:32,318:INFO:Soft dependency imported: xgboost: 1.7.6
2023-09-28 01:43:32,320:INFO:Soft dependency imported: catboost: 1.2.2
2023-09-28 01:43:32,320:INFO:Engine successfully changes for model 'ridge' to 'sklearn'.
2023-09-28 01:43:32,327:INFO:Engine for model 'en' has not been set explicitly, hence returning None.
2023-09-28 01:43:32,439:INFO:Engine for model 'svm' has not been set explicitly, hence returning None.
2023-09-28 01:43:32,471:INFO:Engine for model 'knn' has not been set explicitly, hence returning None.
2023-09-28 01:43:32,471:INFO:Soft dependency imported: xgboost: 1.7.6
2023-09-28 01:43:32,473:INFO:Soft dependency imported: catboost: 1.2.2
2023-09-28 01:43:32,481:INFO:Engine for model 'en' has not been set explicitly, hence returning None.
2023-09-28 01:43:32,593:INFO:Engine for model 'svm' has not been set explicitly, hence returning None.
2023-09-28 01:43:32,627:INFO:Engine for model 'knn' has not been set explicitly, hence returning None.
2023-09-28 01:43:32,627:INFO:Soft dependency imported: xgboost: 1.7.6
2023-09-28 01:43:32,628:INFO:Soft dependency imported: catboost: 1.2.2
2023-09-28 01:43:32,629:INFO:Engine successfully changes for model 'en' to 'sklearn'.
2023-09-28 01:43:32,746:INFO:Engine for model 'svm' has not been set explicitly, hence returning None.
2023-09-28 01:43:32,779:INFO:Engine for model 'knn' has not been set explicitly, hence returning None.
2023-09-28 01:43:32,779:INFO:Soft dependency imported: xgboost: 1.7.6
2023-09-28 01:43:32,781:INFO:Soft dependency imported: catboost: 1.2.2
2023-09-28 01:43:32,898:INFO:Engine for model 'svm' has not been set explicitly, hence returning None.
2023-09-28 01:43:32,931:INFO:Engine for model 'knn' has not been set explicitly, hence returning None.
2023-09-28 01:43:32,932:INFO:Soft dependency imported: xgboost: 1.7.6
2023-09-28 01:43:32,933:INFO:Soft dependency imported: catboost: 1.2.2
2023-09-28 01:43:32,934:INFO:Engine successfully changes for model 'knn' to 'sklearn'.
2023-09-28 01:43:33,049:INFO:Engine for model 'svm' has not been set explicitly, hence returning None.
2023-09-28 01:43:33,082:INFO:Soft dependency imported: xgboost: 1.7.6
2023-09-28 01:43:33,084:INFO:Soft dependency imported: catboost: 1.2.2
2023-09-28 01:43:33,197:INFO:Engine for model 'svm' has not been set explicitly, hence returning None.
2023-09-28 01:43:33,231:INFO:Soft dependency imported: xgboost: 1.7.6
2023-09-28 01:43:33,233:INFO:Soft dependency imported: catboost: 1.2.2
2023-09-28 01:43:33,233:INFO:Engine successfully changes for model 'svm' to 'sklearn'.
2023-09-28 01:43:33,382:INFO:Soft dependency imported: xgboost: 1.7.6
2023-09-28 01:43:33,384:INFO:Soft dependency imported: catboost: 1.2.2
2023-09-28 01:43:33,531:INFO:Soft dependency imported: xgboost: 1.7.6
2023-09-28 01:43:33,533:INFO:Soft dependency imported: catboost: 1.2.2
2023-09-28 01:43:33,536:INFO:Preparing preprocessing pipeline...
2023-09-28 01:43:33,536:INFO:Set up simple imputation.
2023-09-28 01:43:33,764:INFO:Finished creating preprocessing pipeline.
2023-09-28 01:43:33,768:INFO:Pipeline: Pipeline(memory=FastMemory(location=C:\Users\BSH\AppData\Local\Temp\joblib),
         steps=[('numerical_imputer',
                 TransformerWrapper(include=['ARI_CO', 'ARI_PO',
                                             'SHIP_TYPE_CATEGORY', 'DIST', 'ID',
                                             'BREADTH', 'BUILT', 'DEADWEIGHT',
                                             'DEPTH', 'DRAUGHT', 'GT', 'LENGTH',
                                             'SHIPMANAGER', 'FLAG', 'ATA_LT',
                                             'DUBAI', 'BRENT', 'WTI', 'BDI_ADJ',
                                             'PORT_SIZE', 'year', 'month',
                                             'day', 'hour', 'minute',
                                             'weekday'],
                                    transformer=SimpleImputer())),
                ('categorical_imputer',
                 TransformerWrapper(include=[],
                                    transformer=SimpleImputer(strategy='most_frequent')))])
2023-09-28 01:43:33,768:INFO:Creating final display dataframe.
2023-09-28 01:43:34,432:INFO:Setup _display_container:                     Description             Value
0                    Session id                99
1                        Target           CI_HOUR
2                   Target type        Regression
3           Original data shape      (367440, 27)
4        Transformed data shape      (367440, 27)
5   Transformed train set shape      (257207, 27)
6    Transformed test set shape      (110233, 27)
7              Numeric features                26
8                    Preprocess              True
9               Imputation type            simple
10           Numeric imputation              mean
11       Categorical imputation              mode
12               Fold Generator             KFold
13                  Fold Number                10
14                     CPU Jobs                -1
15                      Use GPU             False
16               Log Experiment             False
17              Experiment Name  reg-default-name
18                          USI              64c1
2023-09-28 01:43:34,616:INFO:Soft dependency imported: xgboost: 1.7.6
2023-09-28 01:43:34,618:INFO:Soft dependency imported: catboost: 1.2.2
2023-09-28 01:43:34,791:INFO:Soft dependency imported: xgboost: 1.7.6
2023-09-28 01:43:34,793:INFO:Soft dependency imported: catboost: 1.2.2
2023-09-28 01:43:34,793:INFO:setup() successfully completed in 3.88s...............
2023-09-28 01:43:54,606:INFO:Initializing compare_models()
2023-09-28 01:43:54,606:INFO:compare_models(self=<pycaret.regression.oop.RegressionExperiment object at 0x000002D7729761F0>, include=None, fold=None, round=4, cross_validation=True, sort=R2, n_select=1, budget_time=None, turbo=True, errors=ignore, fit_kwargs=None, groups=None, experiment_custom_tags=None, probability_threshold=None, verbose=True, parallel=None, caller_params={'self': <pycaret.regression.oop.RegressionExperiment object at 0x000002D7729761F0>, 'include': None, 'exclude': None, 'fold': None, 'round': 4, 'cross_validation': True, 'sort': 'R2', 'n_select': 1, 'budget_time': None, 'turbo': True, 'errors': 'ignore', 'fit_kwargs': None, 'groups': None, 'experiment_custom_tags': None, 'engine': None, 'verbose': True, 'parallel': None, '__class__': <class 'pycaret.regression.oop.RegressionExperiment'>}, exclude=None)
2023-09-28 01:43:54,606:INFO:Checking exceptions
2023-09-28 01:43:54,650:INFO:Preparing display monitor
2023-09-28 01:43:54,672:INFO:Initializing Linear Regression
2023-09-28 01:43:54,672:INFO:Total runtime is 0.0 minutes
2023-09-28 01:43:54,675:INFO:SubProcess create_model() called ==================================
2023-09-28 01:43:54,675:INFO:Initializing create_model()
2023-09-28 01:43:54,675:INFO:create_model(self=<pycaret.regression.oop.RegressionExperiment object at 0x000002D7729761F0>, estimator=lr, fold=KFold(n_splits=10, random_state=None, shuffle=False), round=4, cross_validation=True, predict=True, fit_kwargs={}, groups=None, refit=False, probability_threshold=None, experiment_custom_tags=None, verbose=False, system=False, add_to_model_list=True, metrics=None, display=<pycaret.internal.display.display.CommonDisplay object at 0x000002D77274FE20>, model_only=True, return_train_score=False, kwargs={})
2023-09-28 01:43:54,675:INFO:Checking exceptions
2023-09-28 01:43:54,675:INFO:Importing libraries
2023-09-28 01:43:54,675:INFO:Copying training dataset
2023-09-28 01:43:54,812:INFO:Defining folds
2023-09-28 01:43:54,812:INFO:Declaring metric variables
2023-09-28 01:43:54,815:INFO:Importing untrained model
2023-09-28 01:43:54,818:INFO:Linear Regression Imported successfully
2023-09-28 01:43:54,823:INFO:Starting cross validation
2023-09-28 01:43:54,828:INFO:Cross validating with KFold(n_splits=10, random_state=None, shuffle=False), n_jobs=-1
2023-09-28 01:44:02,408:INFO:Calculating mean and std
2023-09-28 01:44:02,409:INFO:Creating metrics dataframe
2023-09-28 01:44:02,414:INFO:Uploading results into container
2023-09-28 01:44:02,414:INFO:Uploading model into container now
2023-09-28 01:44:02,415:INFO:_master_model_container: 1
2023-09-28 01:44:02,415:INFO:_display_container: 2
2023-09-28 01:44:02,415:INFO:LinearRegression(n_jobs=-1)
2023-09-28 01:44:02,415:INFO:create_model() successfully completed......................................
2023-09-28 01:44:02,502:INFO:SubProcess create_model() end ==================================
2023-09-28 01:44:02,502:INFO:Creating metrics dataframe
2023-09-28 01:44:02,511:INFO:Initializing Lasso Regression
2023-09-28 01:44:02,511:INFO:Total runtime is 0.1306513508160909 minutes
2023-09-28 01:44:02,514:INFO:SubProcess create_model() called ==================================
2023-09-28 01:44:02,514:INFO:Initializing create_model()
2023-09-28 01:44:02,514:INFO:create_model(self=<pycaret.regression.oop.RegressionExperiment object at 0x000002D7729761F0>, estimator=lasso, fold=KFold(n_splits=10, random_state=None, shuffle=False), round=4, cross_validation=True, predict=True, fit_kwargs={}, groups=None, refit=False, probability_threshold=None, experiment_custom_tags=None, verbose=False, system=False, add_to_model_list=True, metrics=None, display=<pycaret.internal.display.display.CommonDisplay object at 0x000002D77274FE20>, model_only=True, return_train_score=False, kwargs={})
2023-09-28 01:44:02,514:INFO:Checking exceptions
2023-09-28 01:44:02,514:INFO:Importing libraries
2023-09-28 01:44:02,514:INFO:Copying training dataset
2023-09-28 01:44:02,652:INFO:Defining folds
2023-09-28 01:44:02,652:INFO:Declaring metric variables
2023-09-28 01:44:02,655:INFO:Importing untrained model
2023-09-28 01:44:02,658:INFO:Lasso Regression Imported successfully
2023-09-28 01:44:02,663:INFO:Starting cross validation
2023-09-28 01:44:02,664:INFO:Cross validating with KFold(n_splits=10, random_state=None, shuffle=False), n_jobs=-1
2023-09-28 01:44:28,930:INFO:Calculating mean and std
2023-09-28 01:44:28,931:INFO:Creating metrics dataframe
2023-09-28 01:44:28,934:INFO:Uploading results into container
2023-09-28 01:44:28,935:INFO:Uploading model into container now
2023-09-28 01:44:28,935:INFO:_master_model_container: 2
2023-09-28 01:44:28,935:INFO:_display_container: 2
2023-09-28 01:44:28,936:INFO:Lasso(random_state=99)
2023-09-28 01:44:28,936:INFO:create_model() successfully completed......................................
2023-09-28 01:44:28,992:INFO:SubProcess create_model() end ==================================
2023-09-28 01:44:28,992:INFO:Creating metrics dataframe
2023-09-28 01:44:29,001:INFO:Initializing Ridge Regression
2023-09-28 01:44:29,001:INFO:Total runtime is 0.5721367398897806 minutes
2023-09-28 01:44:29,004:INFO:SubProcess create_model() called ==================================
2023-09-28 01:44:29,004:INFO:Initializing create_model()
2023-09-28 01:44:29,004:INFO:create_model(self=<pycaret.regression.oop.RegressionExperiment object at 0x000002D7729761F0>, estimator=ridge, fold=KFold(n_splits=10, random_state=None, shuffle=False), round=4, cross_validation=True, predict=True, fit_kwargs={}, groups=None, refit=False, probability_threshold=None, experiment_custom_tags=None, verbose=False, system=False, add_to_model_list=True, metrics=None, display=<pycaret.internal.display.display.CommonDisplay object at 0x000002D77274FE20>, model_only=True, return_train_score=False, kwargs={})
2023-09-28 01:44:29,004:INFO:Checking exceptions
2023-09-28 01:44:29,004:INFO:Importing libraries
2023-09-28 01:44:29,004:INFO:Copying training dataset
2023-09-28 01:44:29,108:INFO:Defining folds
2023-09-28 01:44:29,108:INFO:Declaring metric variables
2023-09-28 01:44:29,111:INFO:Importing untrained model
2023-09-28 01:44:29,114:INFO:Ridge Regression Imported successfully
2023-09-28 01:44:29,119:INFO:Starting cross validation
2023-09-28 01:44:29,120:INFO:Cross validating with KFold(n_splits=10, random_state=None, shuffle=False), n_jobs=-1
2023-09-28 01:44:30,503:INFO:Calculating mean and std
2023-09-28 01:44:30,504:INFO:Creating metrics dataframe
2023-09-28 01:44:30,507:INFO:Uploading results into container
2023-09-28 01:44:30,508:INFO:Uploading model into container now
2023-09-28 01:44:30,508:INFO:_master_model_container: 3
2023-09-28 01:44:30,508:INFO:_display_container: 2
2023-09-28 01:44:30,508:INFO:Ridge(random_state=99)
2023-09-28 01:44:30,509:INFO:create_model() successfully completed......................................
2023-09-28 01:44:30,566:INFO:SubProcess create_model() end ==================================
2023-09-28 01:44:30,566:INFO:Creating metrics dataframe
2023-09-28 01:44:30,574:INFO:Initializing Elastic Net
2023-09-28 01:44:30,575:INFO:Total runtime is 0.5983763496081034 minutes
2023-09-28 01:44:30,577:INFO:SubProcess create_model() called ==================================
2023-09-28 01:44:30,577:INFO:Initializing create_model()
2023-09-28 01:44:30,577:INFO:create_model(self=<pycaret.regression.oop.RegressionExperiment object at 0x000002D7729761F0>, estimator=en, fold=KFold(n_splits=10, random_state=None, shuffle=False), round=4, cross_validation=True, predict=True, fit_kwargs={}, groups=None, refit=False, probability_threshold=None, experiment_custom_tags=None, verbose=False, system=False, add_to_model_list=True, metrics=None, display=<pycaret.internal.display.display.CommonDisplay object at 0x000002D77274FE20>, model_only=True, return_train_score=False, kwargs={})
2023-09-28 01:44:30,577:INFO:Checking exceptions
2023-09-28 01:44:30,578:INFO:Importing libraries
2023-09-28 01:44:30,578:INFO:Copying training dataset
2023-09-28 01:44:30,675:INFO:Defining folds
2023-09-28 01:44:30,675:INFO:Declaring metric variables
2023-09-28 01:44:30,678:INFO:Importing untrained model
2023-09-28 01:44:30,681:INFO:Elastic Net Imported successfully
2023-09-28 01:44:30,687:INFO:Starting cross validation
2023-09-28 01:44:30,688:INFO:Cross validating with KFold(n_splits=10, random_state=None, shuffle=False), n_jobs=-1
2023-09-28 01:44:55,583:INFO:Calculating mean and std
2023-09-28 01:44:55,587:INFO:Creating metrics dataframe
2023-09-28 01:44:55,594:INFO:Uploading results into container
2023-09-28 01:44:55,595:INFO:Uploading model into container now
2023-09-28 01:44:55,596:INFO:_master_model_container: 4
2023-09-28 01:44:55,596:INFO:_display_container: 2
2023-09-28 01:44:55,596:INFO:ElasticNet(random_state=99)
2023-09-28 01:44:55,596:INFO:create_model() successfully completed......................................
2023-09-28 01:44:55,662:INFO:SubProcess create_model() end ==================================
2023-09-28 01:44:55,662:INFO:Creating metrics dataframe
2023-09-28 01:44:55,671:INFO:Initializing Least Angle Regression
2023-09-28 01:44:55,671:INFO:Total runtime is 1.0166412393252053 minutes
2023-09-28 01:44:55,674:INFO:SubProcess create_model() called ==================================
2023-09-28 01:44:55,674:INFO:Initializing create_model()
2023-09-28 01:44:55,674:INFO:create_model(self=<pycaret.regression.oop.RegressionExperiment object at 0x000002D7729761F0>, estimator=lar, fold=KFold(n_splits=10, random_state=None, shuffle=False), round=4, cross_validation=True, predict=True, fit_kwargs={}, groups=None, refit=False, probability_threshold=None, experiment_custom_tags=None, verbose=False, system=False, add_to_model_list=True, metrics=None, display=<pycaret.internal.display.display.CommonDisplay object at 0x000002D77274FE20>, model_only=True, return_train_score=False, kwargs={})
2023-09-28 01:44:55,675:INFO:Checking exceptions
2023-09-28 01:44:55,675:INFO:Importing libraries
2023-09-28 01:44:55,675:INFO:Copying training dataset
2023-09-28 01:44:55,771:INFO:Defining folds
2023-09-28 01:44:55,771:INFO:Declaring metric variables
2023-09-28 01:44:55,774:INFO:Importing untrained model
2023-09-28 01:44:55,777:INFO:Least Angle Regression Imported successfully
2023-09-28 01:44:55,782:INFO:Starting cross validation
2023-09-28 01:44:55,783:INFO:Cross validating with KFold(n_splits=10, random_state=None, shuffle=False), n_jobs=-1
2023-09-28 01:44:57,131:INFO:Calculating mean and std
2023-09-28 01:44:57,132:INFO:Creating metrics dataframe
2023-09-28 01:44:57,135:INFO:Uploading results into container
2023-09-28 01:44:57,135:INFO:Uploading model into container now
2023-09-28 01:44:57,136:INFO:_master_model_container: 5
2023-09-28 01:44:57,136:INFO:_display_container: 2
2023-09-28 01:44:57,136:INFO:Lars(random_state=99)
2023-09-28 01:44:57,137:INFO:create_model() successfully completed......................................
2023-09-28 01:44:57,223:INFO:SubProcess create_model() end ==================================
2023-09-28 01:44:57,223:INFO:Creating metrics dataframe
2023-09-28 01:44:57,231:INFO:Initializing Lasso Least Angle Regression
2023-09-28 01:44:57,231:INFO:Total runtime is 1.0426427841186523 minutes
2023-09-28 01:44:57,234:INFO:SubProcess create_model() called ==================================
2023-09-28 01:44:57,234:INFO:Initializing create_model()
2023-09-28 01:44:57,234:INFO:create_model(self=<pycaret.regression.oop.RegressionExperiment object at 0x000002D7729761F0>, estimator=llar, fold=KFold(n_splits=10, random_state=None, shuffle=False), round=4, cross_validation=True, predict=True, fit_kwargs={}, groups=None, refit=False, probability_threshold=None, experiment_custom_tags=None, verbose=False, system=False, add_to_model_list=True, metrics=None, display=<pycaret.internal.display.display.CommonDisplay object at 0x000002D77274FE20>, model_only=True, return_train_score=False, kwargs={})
2023-09-28 01:44:57,234:INFO:Checking exceptions
2023-09-28 01:44:57,234:INFO:Importing libraries
2023-09-28 01:44:57,235:INFO:Copying training dataset
2023-09-28 01:44:57,329:INFO:Defining folds
2023-09-28 01:44:57,329:INFO:Declaring metric variables
2023-09-28 01:44:57,332:INFO:Importing untrained model
2023-09-28 01:44:57,336:INFO:Lasso Least Angle Regression Imported successfully
2023-09-28 01:44:57,341:INFO:Starting cross validation
2023-09-28 01:44:57,342:INFO:Cross validating with KFold(n_splits=10, random_state=None, shuffle=False), n_jobs=-1
2023-09-28 01:44:58,698:INFO:Calculating mean and std
2023-09-28 01:44:58,701:INFO:Creating metrics dataframe
2023-09-28 01:44:58,709:INFO:Uploading results into container
2023-09-28 01:44:58,711:INFO:Uploading model into container now
2023-09-28 01:44:58,712:INFO:_master_model_container: 6
2023-09-28 01:44:58,712:INFO:_display_container: 2
2023-09-28 01:44:58,713:INFO:LassoLars(random_state=99)
2023-09-28 01:44:58,713:INFO:create_model() successfully completed......................................
2023-09-28 01:44:58,781:INFO:SubProcess create_model() end ==================================
2023-09-28 01:44:58,781:INFO:Creating metrics dataframe
2023-09-28 01:44:58,789:INFO:Initializing Orthogonal Matching Pursuit
2023-09-28 01:44:58,789:INFO:Total runtime is 1.068605657418569 minutes
2023-09-28 01:44:58,792:INFO:SubProcess create_model() called ==================================
2023-09-28 01:44:58,792:INFO:Initializing create_model()
2023-09-28 01:44:58,793:INFO:create_model(self=<pycaret.regression.oop.RegressionExperiment object at 0x000002D7729761F0>, estimator=omp, fold=KFold(n_splits=10, random_state=None, shuffle=False), round=4, cross_validation=True, predict=True, fit_kwargs={}, groups=None, refit=False, probability_threshold=None, experiment_custom_tags=None, verbose=False, system=False, add_to_model_list=True, metrics=None, display=<pycaret.internal.display.display.CommonDisplay object at 0x000002D77274FE20>, model_only=True, return_train_score=False, kwargs={})
2023-09-28 01:44:58,793:INFO:Checking exceptions
2023-09-28 01:44:58,793:INFO:Importing libraries
2023-09-28 01:44:58,793:INFO:Copying training dataset
2023-09-28 01:44:58,889:INFO:Defining folds
2023-09-28 01:44:58,889:INFO:Declaring metric variables
2023-09-28 01:44:58,892:INFO:Importing untrained model
2023-09-28 01:44:58,895:INFO:Orthogonal Matching Pursuit Imported successfully
2023-09-28 01:44:58,900:INFO:Starting cross validation
2023-09-28 01:44:58,901:INFO:Cross validating with KFold(n_splits=10, random_state=None, shuffle=False), n_jobs=-1
2023-09-28 01:45:00,258:INFO:Calculating mean and std
2023-09-28 01:45:00,259:INFO:Creating metrics dataframe
2023-09-28 01:45:00,262:INFO:Uploading results into container
2023-09-28 01:45:00,262:INFO:Uploading model into container now
2023-09-28 01:45:00,263:INFO:_master_model_container: 7
2023-09-28 01:45:00,263:INFO:_display_container: 2
2023-09-28 01:45:00,263:INFO:OrthogonalMatchingPursuit()
2023-09-28 01:45:00,263:INFO:create_model() successfully completed......................................
2023-09-28 01:45:00,321:INFO:SubProcess create_model() end ==================================
2023-09-28 01:45:00,321:INFO:Creating metrics dataframe
2023-09-28 01:45:00,329:INFO:Initializing Bayesian Ridge
2023-09-28 01:45:00,329:INFO:Total runtime is 1.094270157814026 minutes
2023-09-28 01:45:00,332:INFO:SubProcess create_model() called ==================================
2023-09-28 01:45:00,332:INFO:Initializing create_model()
2023-09-28 01:45:00,332:INFO:create_model(self=<pycaret.regression.oop.RegressionExperiment object at 0x000002D7729761F0>, estimator=br, fold=KFold(n_splits=10, random_state=None, shuffle=False), round=4, cross_validation=True, predict=True, fit_kwargs={}, groups=None, refit=False, probability_threshold=None, experiment_custom_tags=None, verbose=False, system=False, add_to_model_list=True, metrics=None, display=<pycaret.internal.display.display.CommonDisplay object at 0x000002D77274FE20>, model_only=True, return_train_score=False, kwargs={})
2023-09-28 01:45:00,332:INFO:Checking exceptions
2023-09-28 01:45:00,332:INFO:Importing libraries
2023-09-28 01:45:00,332:INFO:Copying training dataset
2023-09-28 01:45:00,433:INFO:Defining folds
2023-09-28 01:45:00,433:INFO:Declaring metric variables
2023-09-28 01:45:00,436:INFO:Importing untrained model
2023-09-28 01:45:00,439:INFO:Bayesian Ridge Imported successfully
2023-09-28 01:45:00,445:INFO:Starting cross validation
2023-09-28 01:45:00,445:INFO:Cross validating with KFold(n_splits=10, random_state=None, shuffle=False), n_jobs=-1
2023-09-28 01:45:05,131:INFO:Calculating mean and std
2023-09-28 01:45:05,132:INFO:Creating metrics dataframe
2023-09-28 01:45:05,135:INFO:Uploading results into container
2023-09-28 01:45:05,136:INFO:Uploading model into container now
2023-09-28 01:45:05,136:INFO:_master_model_container: 8
2023-09-28 01:45:05,136:INFO:_display_container: 2
2023-09-28 01:45:05,136:INFO:BayesianRidge()
2023-09-28 01:45:05,136:INFO:create_model() successfully completed......................................
2023-09-28 01:45:05,230:INFO:SubProcess create_model() end ==================================
2023-09-28 01:45:05,230:INFO:Creating metrics dataframe
2023-09-28 01:45:05,239:INFO:Initializing Passive Aggressive Regressor
2023-09-28 01:45:05,239:INFO:Total runtime is 1.1761169115702312 minutes
2023-09-28 01:45:05,242:INFO:SubProcess create_model() called ==================================
2023-09-28 01:45:05,242:INFO:Initializing create_model()
2023-09-28 01:45:05,242:INFO:create_model(self=<pycaret.regression.oop.RegressionExperiment object at 0x000002D7729761F0>, estimator=par, fold=KFold(n_splits=10, random_state=None, shuffle=False), round=4, cross_validation=True, predict=True, fit_kwargs={}, groups=None, refit=False, probability_threshold=None, experiment_custom_tags=None, verbose=False, system=False, add_to_model_list=True, metrics=None, display=<pycaret.internal.display.display.CommonDisplay object at 0x000002D77274FE20>, model_only=True, return_train_score=False, kwargs={})
2023-09-28 01:45:05,242:INFO:Checking exceptions
2023-09-28 01:45:05,242:INFO:Importing libraries
2023-09-28 01:45:05,242:INFO:Copying training dataset
2023-09-28 01:45:05,338:INFO:Defining folds
2023-09-28 01:45:05,338:INFO:Declaring metric variables
2023-09-28 01:45:05,341:INFO:Importing untrained model
2023-09-28 01:45:05,344:INFO:Passive Aggressive Regressor Imported successfully
2023-09-28 01:45:05,349:INFO:Starting cross validation
2023-09-28 01:45:05,350:INFO:Cross validating with KFold(n_splits=10, random_state=None, shuffle=False), n_jobs=-1
2023-09-28 01:45:07,317:INFO:Calculating mean and std
2023-09-28 01:45:07,318:INFO:Creating metrics dataframe
2023-09-28 01:45:07,321:INFO:Uploading results into container
2023-09-28 01:45:07,322:INFO:Uploading model into container now
2023-09-28 01:45:07,322:INFO:_master_model_container: 9
2023-09-28 01:45:07,322:INFO:_display_container: 2
2023-09-28 01:45:07,323:INFO:PassiveAggressiveRegressor(random_state=99)
2023-09-28 01:45:07,323:INFO:create_model() successfully completed......................................
2023-09-28 01:45:07,380:INFO:SubProcess create_model() end ==================================
2023-09-28 01:45:07,380:INFO:Creating metrics dataframe
2023-09-28 01:45:07,389:INFO:Initializing Huber Regressor
2023-09-28 01:45:07,389:INFO:Total runtime is 1.211939799785614 minutes
2023-09-28 01:45:07,391:INFO:SubProcess create_model() called ==================================
2023-09-28 01:45:07,392:INFO:Initializing create_model()
2023-09-28 01:45:07,392:INFO:create_model(self=<pycaret.regression.oop.RegressionExperiment object at 0x000002D7729761F0>, estimator=huber, fold=KFold(n_splits=10, random_state=None, shuffle=False), round=4, cross_validation=True, predict=True, fit_kwargs={}, groups=None, refit=False, probability_threshold=None, experiment_custom_tags=None, verbose=False, system=False, add_to_model_list=True, metrics=None, display=<pycaret.internal.display.display.CommonDisplay object at 0x000002D77274FE20>, model_only=True, return_train_score=False, kwargs={})
2023-09-28 01:45:07,392:INFO:Checking exceptions
2023-09-28 01:45:07,392:INFO:Importing libraries
2023-09-28 01:45:07,392:INFO:Copying training dataset
2023-09-28 01:45:07,489:INFO:Defining folds
2023-09-28 01:45:07,489:INFO:Declaring metric variables
2023-09-28 01:45:07,492:INFO:Importing untrained model
2023-09-28 01:45:07,494:INFO:Huber Regressor Imported successfully
2023-09-28 01:45:07,500:INFO:Starting cross validation
2023-09-28 01:45:07,501:INFO:Cross validating with KFold(n_splits=10, random_state=None, shuffle=False), n_jobs=-1
2023-09-28 01:45:36,683:WARNING:c:\Users\BSH\.virtualenvs\HD_challenge-fUY-RInk\lib\site-packages\sklearn\linear_model\_huber.py:342: ConvergenceWarning: lbfgs failed to converge (status=1):
STOP: TOTAL NO. of ITERATIONS REACHED LIMIT.

Increase the number of iterations (max_iter) or scale the data as shown in:
    https://scikit-learn.org/stable/modules/preprocessing.html
  self.n_iter_ = _check_optimize_result("lbfgs", opt_res, self.max_iter)

2023-09-28 01:45:37,299:WARNING:c:\Users\BSH\.virtualenvs\HD_challenge-fUY-RInk\lib\site-packages\sklearn\linear_model\_huber.py:342: ConvergenceWarning: lbfgs failed to converge (status=1):
STOP: TOTAL NO. of ITERATIONS REACHED LIMIT.

Increase the number of iterations (max_iter) or scale the data as shown in:
    https://scikit-learn.org/stable/modules/preprocessing.html
  self.n_iter_ = _check_optimize_result("lbfgs", opt_res, self.max_iter)

2023-09-28 01:45:37,316:WARNING:c:\Users\BSH\.virtualenvs\HD_challenge-fUY-RInk\lib\site-packages\sklearn\linear_model\_huber.py:342: ConvergenceWarning: lbfgs failed to converge (status=1):
STOP: TOTAL NO. of ITERATIONS REACHED LIMIT.

Increase the number of iterations (max_iter) or scale the data as shown in:
    https://scikit-learn.org/stable/modules/preprocessing.html
  self.n_iter_ = _check_optimize_result("lbfgs", opt_res, self.max_iter)

2023-09-28 01:45:37,622:WARNING:c:\Users\BSH\.virtualenvs\HD_challenge-fUY-RInk\lib\site-packages\sklearn\linear_model\_huber.py:342: ConvergenceWarning: lbfgs failed to converge (status=1):
STOP: TOTAL NO. of ITERATIONS REACHED LIMIT.

Increase the number of iterations (max_iter) or scale the data as shown in:
    https://scikit-learn.org/stable/modules/preprocessing.html
  self.n_iter_ = _check_optimize_result("lbfgs", opt_res, self.max_iter)

2023-09-28 01:45:37,800:WARNING:c:\Users\BSH\.virtualenvs\HD_challenge-fUY-RInk\lib\site-packages\sklearn\linear_model\_huber.py:342: ConvergenceWarning: lbfgs failed to converge (status=1):
STOP: TOTAL NO. of ITERATIONS REACHED LIMIT.

Increase the number of iterations (max_iter) or scale the data as shown in:
    https://scikit-learn.org/stable/modules/preprocessing.html
  self.n_iter_ = _check_optimize_result("lbfgs", opt_res, self.max_iter)

2023-09-28 01:45:38,026:WARNING:c:\Users\BSH\.virtualenvs\HD_challenge-fUY-RInk\lib\site-packages\sklearn\linear_model\_huber.py:342: ConvergenceWarning: lbfgs failed to converge (status=1):
STOP: TOTAL NO. of ITERATIONS REACHED LIMIT.

Increase the number of iterations (max_iter) or scale the data as shown in:
    https://scikit-learn.org/stable/modules/preprocessing.html
  self.n_iter_ = _check_optimize_result("lbfgs", opt_res, self.max_iter)

2023-09-28 01:45:38,527:WARNING:c:\Users\BSH\.virtualenvs\HD_challenge-fUY-RInk\lib\site-packages\sklearn\linear_model\_huber.py:342: ConvergenceWarning: lbfgs failed to converge (status=1):
STOP: TOTAL NO. of ITERATIONS REACHED LIMIT.

Increase the number of iterations (max_iter) or scale the data as shown in:
    https://scikit-learn.org/stable/modules/preprocessing.html
  self.n_iter_ = _check_optimize_result("lbfgs", opt_res, self.max_iter)

2023-09-28 01:45:38,590:WARNING:c:\Users\BSH\.virtualenvs\HD_challenge-fUY-RInk\lib\site-packages\sklearn\linear_model\_huber.py:342: ConvergenceWarning: lbfgs failed to converge (status=1):
STOP: TOTAL NO. of ITERATIONS REACHED LIMIT.

Increase the number of iterations (max_iter) or scale the data as shown in:
    https://scikit-learn.org/stable/modules/preprocessing.html
  self.n_iter_ = _check_optimize_result("lbfgs", opt_res, self.max_iter)

2023-09-28 01:45:38,709:WARNING:c:\Users\BSH\.virtualenvs\HD_challenge-fUY-RInk\lib\site-packages\sklearn\linear_model\_huber.py:342: ConvergenceWarning: lbfgs failed to converge (status=1):
STOP: TOTAL NO. of ITERATIONS REACHED LIMIT.

Increase the number of iterations (max_iter) or scale the data as shown in:
    https://scikit-learn.org/stable/modules/preprocessing.html
  self.n_iter_ = _check_optimize_result("lbfgs", opt_res, self.max_iter)

2023-09-28 01:45:38,848:INFO:Calculating mean and std
2023-09-28 01:45:38,849:INFO:Creating metrics dataframe
2023-09-28 01:45:38,852:INFO:Uploading results into container
2023-09-28 01:45:38,853:INFO:Uploading model into container now
2023-09-28 01:45:38,853:INFO:_master_model_container: 10
2023-09-28 01:45:38,853:INFO:_display_container: 2
2023-09-28 01:45:38,853:INFO:HuberRegressor()
2023-09-28 01:45:38,854:INFO:create_model() successfully completed......................................
2023-09-28 01:45:38,913:INFO:SubProcess create_model() end ==================================
2023-09-28 01:45:38,913:INFO:Creating metrics dataframe
2023-09-28 01:45:38,922:INFO:Initializing K Neighbors Regressor
2023-09-28 01:45:38,922:INFO:Total runtime is 1.737488877773285 minutes
2023-09-28 01:45:38,925:INFO:SubProcess create_model() called ==================================
2023-09-28 01:45:38,925:INFO:Initializing create_model()
2023-09-28 01:45:38,925:INFO:create_model(self=<pycaret.regression.oop.RegressionExperiment object at 0x000002D7729761F0>, estimator=knn, fold=KFold(n_splits=10, random_state=None, shuffle=False), round=4, cross_validation=True, predict=True, fit_kwargs={}, groups=None, refit=False, probability_threshold=None, experiment_custom_tags=None, verbose=False, system=False, add_to_model_list=True, metrics=None, display=<pycaret.internal.display.display.CommonDisplay object at 0x000002D77274FE20>, model_only=True, return_train_score=False, kwargs={})
2023-09-28 01:45:38,925:INFO:Checking exceptions
2023-09-28 01:45:38,925:INFO:Importing libraries
2023-09-28 01:45:38,925:INFO:Copying training dataset
2023-09-28 01:45:39,025:INFO:Defining folds
2023-09-28 01:45:39,025:INFO:Declaring metric variables
2023-09-28 01:45:39,028:INFO:Importing untrained model
2023-09-28 01:45:39,031:INFO:K Neighbors Regressor Imported successfully
2023-09-28 01:45:39,040:INFO:Starting cross validation
2023-09-28 01:45:39,041:INFO:Cross validating with KFold(n_splits=10, random_state=None, shuffle=False), n_jobs=-1
2023-09-28 01:46:15,225:INFO:Calculating mean and std
2023-09-28 01:46:15,227:INFO:Creating metrics dataframe
2023-09-28 01:46:15,233:INFO:Uploading results into container
2023-09-28 01:46:15,234:INFO:Uploading model into container now
2023-09-28 01:46:15,234:INFO:_master_model_container: 11
2023-09-28 01:46:15,234:INFO:_display_container: 2
2023-09-28 01:46:15,235:INFO:KNeighborsRegressor(n_jobs=-1)
2023-09-28 01:46:15,235:INFO:create_model() successfully completed......................................
2023-09-28 01:46:15,308:INFO:SubProcess create_model() end ==================================
2023-09-28 01:46:15,308:INFO:Creating metrics dataframe
2023-09-28 01:46:15,319:INFO:Initializing Decision Tree Regressor
2023-09-28 01:46:15,319:INFO:Total runtime is 2.344114855925242 minutes
2023-09-28 01:46:15,322:INFO:SubProcess create_model() called ==================================
2023-09-28 01:46:15,323:INFO:Initializing create_model()
2023-09-28 01:46:15,323:INFO:create_model(self=<pycaret.regression.oop.RegressionExperiment object at 0x000002D7729761F0>, estimator=dt, fold=KFold(n_splits=10, random_state=None, shuffle=False), round=4, cross_validation=True, predict=True, fit_kwargs={}, groups=None, refit=False, probability_threshold=None, experiment_custom_tags=None, verbose=False, system=False, add_to_model_list=True, metrics=None, display=<pycaret.internal.display.display.CommonDisplay object at 0x000002D77274FE20>, model_only=True, return_train_score=False, kwargs={})
2023-09-28 01:46:15,323:INFO:Checking exceptions
2023-09-28 01:46:15,323:INFO:Importing libraries
2023-09-28 01:46:15,323:INFO:Copying training dataset
2023-09-28 01:46:15,424:INFO:Defining folds
2023-09-28 01:46:15,424:INFO:Declaring metric variables
2023-09-28 01:46:15,427:INFO:Importing untrained model
2023-09-28 01:46:15,430:INFO:Decision Tree Regressor Imported successfully
2023-09-28 01:46:15,436:INFO:Starting cross validation
2023-09-28 01:46:15,436:INFO:Cross validating with KFold(n_splits=10, random_state=None, shuffle=False), n_jobs=-1
2023-09-28 01:46:26,788:INFO:Calculating mean and std
2023-09-28 01:46:26,790:INFO:Creating metrics dataframe
2023-09-28 01:46:26,793:INFO:Uploading results into container
2023-09-28 01:46:26,793:INFO:Uploading model into container now
2023-09-28 01:46:26,794:INFO:_master_model_container: 12
2023-09-28 01:46:26,794:INFO:_display_container: 2
2023-09-28 01:46:26,794:INFO:DecisionTreeRegressor(random_state=99)
2023-09-28 01:46:26,794:INFO:create_model() successfully completed......................................
2023-09-28 01:46:26,862:INFO:SubProcess create_model() end ==================================
2023-09-28 01:46:26,862:INFO:Creating metrics dataframe
2023-09-28 01:46:26,873:INFO:Initializing Random Forest Regressor
2023-09-28 01:46:26,873:INFO:Total runtime is 2.5366708358128864 minutes
2023-09-28 01:46:26,876:INFO:SubProcess create_model() called ==================================
2023-09-28 01:46:26,876:INFO:Initializing create_model()
2023-09-28 01:46:26,876:INFO:create_model(self=<pycaret.regression.oop.RegressionExperiment object at 0x000002D7729761F0>, estimator=rf, fold=KFold(n_splits=10, random_state=None, shuffle=False), round=4, cross_validation=True, predict=True, fit_kwargs={}, groups=None, refit=False, probability_threshold=None, experiment_custom_tags=None, verbose=False, system=False, add_to_model_list=True, metrics=None, display=<pycaret.internal.display.display.CommonDisplay object at 0x000002D77274FE20>, model_only=True, return_train_score=False, kwargs={})
2023-09-28 01:46:26,876:INFO:Checking exceptions
2023-09-28 01:46:26,876:INFO:Importing libraries
2023-09-28 01:46:26,876:INFO:Copying training dataset
2023-09-28 01:46:26,988:INFO:Defining folds
2023-09-28 01:46:26,989:INFO:Declaring metric variables
2023-09-28 01:46:26,992:INFO:Importing untrained model
2023-09-28 01:46:26,995:INFO:Random Forest Regressor Imported successfully
2023-09-28 01:46:27,000:INFO:Starting cross validation
2023-09-28 01:46:27,001:INFO:Cross validating with KFold(n_splits=10, random_state=None, shuffle=False), n_jobs=-1
2023-09-28 01:57:05,393:INFO:Calculating mean and std
2023-09-28 01:57:05,421:INFO:Creating metrics dataframe
2023-09-28 01:57:05,466:INFO:Uploading results into container
2023-09-28 01:57:05,470:INFO:Uploading model into container now
2023-09-28 01:57:05,473:INFO:_master_model_container: 13
2023-09-28 01:57:05,474:INFO:_display_container: 2
2023-09-28 01:57:05,476:INFO:RandomForestRegressor(n_jobs=-1, random_state=99)
2023-09-28 01:57:05,476:INFO:create_model() successfully completed......................................
2023-09-28 01:57:05,675:INFO:SubProcess create_model() end ==================================
2023-09-28 01:57:05,675:INFO:Creating metrics dataframe
2023-09-28 01:57:05,704:INFO:Initializing Extra Trees Regressor
2023-09-28 01:57:05,704:INFO:Total runtime is 13.183868837356567 minutes
2023-09-28 01:57:05,708:INFO:SubProcess create_model() called ==================================
2023-09-28 01:57:05,708:INFO:Initializing create_model()
2023-09-28 01:57:05,708:INFO:create_model(self=<pycaret.regression.oop.RegressionExperiment object at 0x000002D7729761F0>, estimator=et, fold=KFold(n_splits=10, random_state=None, shuffle=False), round=4, cross_validation=True, predict=True, fit_kwargs={}, groups=None, refit=False, probability_threshold=None, experiment_custom_tags=None, verbose=False, system=False, add_to_model_list=True, metrics=None, display=<pycaret.internal.display.display.CommonDisplay object at 0x000002D77274FE20>, model_only=True, return_train_score=False, kwargs={})
2023-09-28 01:57:05,708:INFO:Checking exceptions
2023-09-28 01:57:05,709:INFO:Importing libraries
2023-09-28 01:57:05,709:INFO:Copying training dataset
2023-09-28 01:57:05,945:INFO:Defining folds
2023-09-28 01:57:05,945:INFO:Declaring metric variables
2023-09-28 01:57:05,948:INFO:Importing untrained model
2023-09-28 01:57:05,954:INFO:Extra Trees Regressor Imported successfully
2023-09-28 01:57:05,962:INFO:Starting cross validation
2023-09-28 01:57:05,963:INFO:Cross validating with KFold(n_splits=10, random_state=None, shuffle=False), n_jobs=-1
2023-09-28 02:06:14,466:INFO:Calculating mean and std
2023-09-28 02:06:14,699:INFO:Creating metrics dataframe
2023-09-28 02:06:14,947:INFO:Uploading results into container
2023-09-28 02:06:14,950:INFO:Uploading model into container now
2023-09-28 02:06:14,957:INFO:_master_model_container: 14
2023-09-28 02:06:14,957:INFO:_display_container: 2
2023-09-28 02:06:14,965:INFO:ExtraTreesRegressor(n_jobs=-1, random_state=99)
2023-09-28 02:06:14,965:INFO:create_model() successfully completed......................................
2023-09-28 02:06:15,278:INFO:SubProcess create_model() end ==================================
2023-09-28 02:06:15,278:INFO:Creating metrics dataframe
2023-09-28 02:06:15,294:INFO:Initializing AdaBoost Regressor
2023-09-28 02:06:15,294:INFO:Total runtime is 22.34368948936462 minutes
2023-09-28 02:06:15,297:INFO:SubProcess create_model() called ==================================
2023-09-28 02:06:15,298:INFO:Initializing create_model()
2023-09-28 02:06:15,298:INFO:create_model(self=<pycaret.regression.oop.RegressionExperiment object at 0x000002D7729761F0>, estimator=ada, fold=KFold(n_splits=10, random_state=None, shuffle=False), round=4, cross_validation=True, predict=True, fit_kwargs={}, groups=None, refit=False, probability_threshold=None, experiment_custom_tags=None, verbose=False, system=False, add_to_model_list=True, metrics=None, display=<pycaret.internal.display.display.CommonDisplay object at 0x000002D77274FE20>, model_only=True, return_train_score=False, kwargs={})
2023-09-28 02:06:15,298:INFO:Checking exceptions
2023-09-28 02:06:15,298:INFO:Importing libraries
2023-09-28 02:06:15,298:INFO:Copying training dataset
2023-09-28 02:06:15,506:INFO:Defining folds
2023-09-28 02:06:15,506:INFO:Declaring metric variables
2023-09-28 02:06:15,509:INFO:Importing untrained model
2023-09-28 02:06:15,511:INFO:AdaBoost Regressor Imported successfully
2023-09-28 02:06:15,516:INFO:Starting cross validation
2023-09-28 02:06:15,517:INFO:Cross validating with KFold(n_splits=10, random_state=None, shuffle=False), n_jobs=-1
2023-09-28 02:06:46,111:INFO:Calculating mean and std
2023-09-28 02:06:46,115:INFO:Creating metrics dataframe
2023-09-28 02:06:46,127:INFO:Uploading results into container
2023-09-28 02:06:46,129:INFO:Uploading model into container now
2023-09-28 02:06:46,130:INFO:_master_model_container: 15
2023-09-28 02:06:46,130:INFO:_display_container: 2
2023-09-28 02:06:46,130:INFO:AdaBoostRegressor(random_state=99)
2023-09-28 02:06:46,132:INFO:create_model() successfully completed......................................
2023-09-28 02:06:46,209:INFO:SubProcess create_model() end ==================================
2023-09-28 02:06:46,209:INFO:Creating metrics dataframe
2023-09-28 02:06:46,221:INFO:Initializing Gradient Boosting Regressor
2023-09-28 02:06:46,221:INFO:Total runtime is 22.85914406776428 minutes
2023-09-28 02:06:46,223:INFO:SubProcess create_model() called ==================================
2023-09-28 02:06:46,224:INFO:Initializing create_model()
2023-09-28 02:06:46,224:INFO:create_model(self=<pycaret.regression.oop.RegressionExperiment object at 0x000002D7729761F0>, estimator=gbr, fold=KFold(n_splits=10, random_state=None, shuffle=False), round=4, cross_validation=True, predict=True, fit_kwargs={}, groups=None, refit=False, probability_threshold=None, experiment_custom_tags=None, verbose=False, system=False, add_to_model_list=True, metrics=None, display=<pycaret.internal.display.display.CommonDisplay object at 0x000002D77274FE20>, model_only=True, return_train_score=False, kwargs={})
2023-09-28 02:06:46,224:INFO:Checking exceptions
2023-09-28 02:06:46,224:INFO:Importing libraries
2023-09-28 02:06:46,224:INFO:Copying training dataset
2023-09-28 02:06:46,318:INFO:Defining folds
2023-09-28 02:06:46,318:INFO:Declaring metric variables
2023-09-28 02:06:46,321:INFO:Importing untrained model
2023-09-28 02:06:46,324:INFO:Gradient Boosting Regressor Imported successfully
2023-09-28 02:06:46,329:INFO:Starting cross validation
2023-09-28 02:06:46,330:INFO:Cross validating with KFold(n_splits=10, random_state=None, shuffle=False), n_jobs=-1
2023-09-28 02:10:32,988:INFO:Calculating mean and std
2023-09-28 02:10:32,989:INFO:Creating metrics dataframe
2023-09-28 02:10:32,992:INFO:Uploading results into container
2023-09-28 02:10:32,993:INFO:Uploading model into container now
2023-09-28 02:10:32,993:INFO:_master_model_container: 16
2023-09-28 02:10:32,993:INFO:_display_container: 2
2023-09-28 02:10:32,994:INFO:GradientBoostingRegressor(random_state=99)
2023-09-28 02:10:32,994:INFO:create_model() successfully completed......................................
2023-09-28 02:10:33,084:INFO:SubProcess create_model() end ==================================
2023-09-28 02:10:33,084:INFO:Creating metrics dataframe
2023-09-28 02:10:33,102:INFO:Initializing Extreme Gradient Boosting
2023-09-28 02:10:33,102:INFO:Total runtime is 26.640495884418485 minutes
2023-09-28 02:10:33,105:INFO:SubProcess create_model() called ==================================
2023-09-28 02:10:33,105:INFO:Initializing create_model()
2023-09-28 02:10:33,105:INFO:create_model(self=<pycaret.regression.oop.RegressionExperiment object at 0x000002D7729761F0>, estimator=xgboost, fold=KFold(n_splits=10, random_state=None, shuffle=False), round=4, cross_validation=True, predict=True, fit_kwargs={}, groups=None, refit=False, probability_threshold=None, experiment_custom_tags=None, verbose=False, system=False, add_to_model_list=True, metrics=None, display=<pycaret.internal.display.display.CommonDisplay object at 0x000002D77274FE20>, model_only=True, return_train_score=False, kwargs={})
2023-09-28 02:10:33,105:INFO:Checking exceptions
2023-09-28 02:10:33,105:INFO:Importing libraries
2023-09-28 02:10:33,106:INFO:Copying training dataset
2023-09-28 02:10:33,206:INFO:Defining folds
2023-09-28 02:10:33,206:INFO:Declaring metric variables
2023-09-28 02:10:33,208:INFO:Importing untrained model
2023-09-28 02:10:33,211:INFO:Extreme Gradient Boosting Imported successfully
2023-09-28 02:10:33,217:INFO:Starting cross validation
2023-09-28 02:10:33,217:INFO:Cross validating with KFold(n_splits=10, random_state=None, shuffle=False), n_jobs=-1
2023-09-28 02:13:09,978:INFO:Calculating mean and std
2023-09-28 02:13:09,980:INFO:Creating metrics dataframe
2023-09-28 02:13:09,983:INFO:Uploading results into container
2023-09-28 02:13:09,983:INFO:Uploading model into container now
2023-09-28 02:13:09,984:INFO:_master_model_container: 17
2023-09-28 02:13:09,984:INFO:_display_container: 2
2023-09-28 02:13:09,985:INFO:XGBRegressor(base_score=None, booster='gbtree', callbacks=None,
             colsample_bylevel=None, colsample_bynode=None,
             colsample_bytree=None, early_stopping_rounds=None,
             enable_categorical=False, eval_metric=None, feature_types=None,
             gamma=None, gpu_id=None, grow_policy=None, importance_type=None,
             interaction_constraints=None, learning_rate=None, max_bin=None,
             max_cat_threshold=None, max_cat_to_onehot=None,
             max_delta_step=None, max_depth=None, max_leaves=None,
             min_child_weight=None, missing=nan, monotone_constraints=None,
             n_estimators=100, n_jobs=-1, num_parallel_tree=None,
             predictor=None, random_state=99, ...)
2023-09-28 02:13:09,985:INFO:create_model() successfully completed......................................
2023-09-28 02:13:10,088:INFO:SubProcess create_model() end ==================================
2023-09-28 02:13:10,089:INFO:Creating metrics dataframe
2023-09-28 02:13:10,100:INFO:Initializing Light Gradient Boosting Machine
2023-09-28 02:13:10,100:INFO:Total runtime is 29.25713471571604 minutes
2023-09-28 02:13:10,104:INFO:SubProcess create_model() called ==================================
2023-09-28 02:13:10,104:INFO:Initializing create_model()
2023-09-28 02:13:10,104:INFO:create_model(self=<pycaret.regression.oop.RegressionExperiment object at 0x000002D7729761F0>, estimator=lightgbm, fold=KFold(n_splits=10, random_state=None, shuffle=False), round=4, cross_validation=True, predict=True, fit_kwargs={}, groups=None, refit=False, probability_threshold=None, experiment_custom_tags=None, verbose=False, system=False, add_to_model_list=True, metrics=None, display=<pycaret.internal.display.display.CommonDisplay object at 0x000002D77274FE20>, model_only=True, return_train_score=False, kwargs={})
2023-09-28 02:13:10,104:INFO:Checking exceptions
2023-09-28 02:13:10,104:INFO:Importing libraries
2023-09-28 02:13:10,104:INFO:Copying training dataset
2023-09-28 02:13:10,206:INFO:Defining folds
2023-09-28 02:13:10,207:INFO:Declaring metric variables
2023-09-28 02:13:10,209:INFO:Importing untrained model
2023-09-28 02:13:10,212:INFO:Light Gradient Boosting Machine Imported successfully
2023-09-28 02:13:10,217:INFO:Starting cross validation
2023-09-28 02:13:10,218:INFO:Cross validating with KFold(n_splits=10, random_state=None, shuffle=False), n_jobs=-1
2023-09-28 02:13:17,117:INFO:Calculating mean and std
2023-09-28 02:13:17,118:INFO:Creating metrics dataframe
2023-09-28 02:13:17,121:INFO:Uploading results into container
2023-09-28 02:13:17,122:INFO:Uploading model into container now
2023-09-28 02:13:17,123:INFO:_master_model_container: 18
2023-09-28 02:13:17,123:INFO:_display_container: 2
2023-09-28 02:13:17,123:INFO:LGBMRegressor(random_state=99)
2023-09-28 02:13:17,123:INFO:create_model() successfully completed......................................
2023-09-28 02:13:17,188:INFO:SubProcess create_model() end ==================================
2023-09-28 02:13:17,188:INFO:Creating metrics dataframe
2023-09-28 02:13:17,199:INFO:Initializing CatBoost Regressor
2023-09-28 02:13:17,199:INFO:Total runtime is 29.375451135635373 minutes
2023-09-28 02:13:17,202:INFO:SubProcess create_model() called ==================================
2023-09-28 02:13:17,202:INFO:Initializing create_model()
2023-09-28 02:13:17,202:INFO:create_model(self=<pycaret.regression.oop.RegressionExperiment object at 0x000002D7729761F0>, estimator=catboost, fold=KFold(n_splits=10, random_state=None, shuffle=False), round=4, cross_validation=True, predict=True, fit_kwargs={}, groups=None, refit=False, probability_threshold=None, experiment_custom_tags=None, verbose=False, system=False, add_to_model_list=True, metrics=None, display=<pycaret.internal.display.display.CommonDisplay object at 0x000002D77274FE20>, model_only=True, return_train_score=False, kwargs={})
2023-09-28 02:13:17,203:INFO:Checking exceptions
2023-09-28 02:13:17,203:INFO:Importing libraries
2023-09-28 02:13:17,203:INFO:Copying training dataset
2023-09-28 02:13:17,302:INFO:Defining folds
2023-09-28 02:13:17,303:INFO:Declaring metric variables
2023-09-28 02:13:17,305:INFO:Importing untrained model
2023-09-28 02:13:17,314:INFO:CatBoost Regressor Imported successfully
2023-09-28 02:13:17,319:INFO:Starting cross validation
2023-09-28 02:13:17,320:INFO:Cross validating with KFold(n_splits=10, random_state=None, shuffle=False), n_jobs=-1
2023-09-28 02:15:10,013:WARNING:c:\Users\BSH\.virtualenvs\HD_challenge-fUY-RInk\lib\site-packages\sklearn\model_selection\_validation.py:378: FitFailedWarning: 
2 fits failed out of a total of 10.
The score on these train-test partitions for these parameters will be set to 0.
If these failures are not expected, you can try to debug them by setting error_score='raise'.

Below are more details about the failures:
--------------------------------------------------------------------------------
2 fits failed with the following error:
Traceback (most recent call last):
  File "c:\Users\BSH\.virtualenvs\HD_challenge-fUY-RInk\lib\site-packages\sklearn\model_selection\_validation.py", line 686, in _fit_and_score
    estimator.fit(X_train, y_train, **fit_params)
  File "c:\Users\BSH\.virtualenvs\HD_challenge-fUY-RInk\lib\site-packages\pycaret\internal\pipeline.py", line 267, in fit
    fitted_estimator = self._memory_fit(
  File "c:\Users\BSH\.virtualenvs\HD_challenge-fUY-RInk\lib\site-packages\joblib\memory.py", line 353, in __call__
    return self.func(*args, **kwargs)
  File "c:\Users\BSH\.virtualenvs\HD_challenge-fUY-RInk\lib\site-packages\pycaret\internal\pipeline.py", line 66, in _fit_one
    transformer.fit(*args, **fit_params)
  File "c:\Users\BSH\.virtualenvs\HD_challenge-fUY-RInk\lib\site-packages\catboost\core.py", line 5703, in fit
    return self._fit(X, y, cat_features, text_features, embedding_features, None, sample_weight, None, None, None, None, baseline,
  File "c:\Users\BSH\.virtualenvs\HD_challenge-fUY-RInk\lib\site-packages\catboost\core.py", line 2319, in _fit
    self._train(
  File "c:\Users\BSH\.virtualenvs\HD_challenge-fUY-RInk\lib\site-packages\catboost\core.py", line 1723, in _train
    self._object._train(train_pool, test_pool, params, allow_clear_pool, init_model._object if init_model else None)
  File "_catboost.pyx", line 4645, in _catboost._CatBoost._train
  File "_catboost.pyx", line 4694, in _catboost._CatBoost._train
_catboost.CatBoostError: C:/Go_Agent/pipelines/BuildMaster/catboost.git/catboost/libs/train_lib/dir_helper.cpp:20: Can't create train working dir: catboost_info

  warnings.warn(some_fits_failed_message, FitFailedWarning)

2023-09-28 02:15:10,014:INFO:Calculating mean and std
2023-09-28 02:15:10,016:INFO:Creating metrics dataframe
2023-09-28 02:15:10,019:INFO:Uploading results into container
2023-09-28 02:15:10,019:INFO:Uploading model into container now
2023-09-28 02:15:10,020:INFO:_master_model_container: 19
2023-09-28 02:15:10,020:INFO:_display_container: 2
2023-09-28 02:15:10,020:INFO:<catboost.core.CatBoostRegressor object at 0x000002D700C808B0>
2023-09-28 02:15:10,020:INFO:create_model() successfully completed......................................
2023-09-28 02:15:10,102:INFO:SubProcess create_model() end ==================================
2023-09-28 02:15:10,102:INFO:Creating metrics dataframe
2023-09-28 02:15:10,113:INFO:Initializing Dummy Regressor
2023-09-28 02:15:10,113:INFO:Total runtime is 31.2573514064153 minutes
2023-09-28 02:15:10,116:INFO:SubProcess create_model() called ==================================
2023-09-28 02:15:10,117:INFO:Initializing create_model()
2023-09-28 02:15:10,117:INFO:create_model(self=<pycaret.regression.oop.RegressionExperiment object at 0x000002D7729761F0>, estimator=dummy, fold=KFold(n_splits=10, random_state=None, shuffle=False), round=4, cross_validation=True, predict=True, fit_kwargs={}, groups=None, refit=False, probability_threshold=None, experiment_custom_tags=None, verbose=False, system=False, add_to_model_list=True, metrics=None, display=<pycaret.internal.display.display.CommonDisplay object at 0x000002D77274FE20>, model_only=True, return_train_score=False, kwargs={})
2023-09-28 02:15:10,117:INFO:Checking exceptions
2023-09-28 02:15:10,117:INFO:Importing libraries
2023-09-28 02:15:10,117:INFO:Copying training dataset
2023-09-28 02:15:10,249:INFO:Defining folds
2023-09-28 02:15:10,249:INFO:Declaring metric variables
2023-09-28 02:15:10,253:INFO:Importing untrained model
2023-09-28 02:15:10,257:INFO:Dummy Regressor Imported successfully
2023-09-28 02:15:10,263:INFO:Starting cross validation
2023-09-28 02:15:10,264:INFO:Cross validating with KFold(n_splits=10, random_state=None, shuffle=False), n_jobs=-1
2023-09-28 02:15:11,346:INFO:Calculating mean and std
2023-09-28 02:15:11,347:INFO:Creating metrics dataframe
2023-09-28 02:15:11,352:INFO:Uploading results into container
2023-09-28 02:15:11,353:INFO:Uploading model into container now
2023-09-28 02:15:11,353:INFO:_master_model_container: 20
2023-09-28 02:15:11,353:INFO:_display_container: 2
2023-09-28 02:15:11,354:INFO:DummyRegressor()
2023-09-28 02:15:11,354:INFO:create_model() successfully completed......................................
2023-09-28 02:15:11,441:INFO:SubProcess create_model() end ==================================
2023-09-28 02:15:11,441:INFO:Creating metrics dataframe
2023-09-28 02:15:11,464:INFO:Initializing create_model()
2023-09-28 02:15:11,464:INFO:create_model(self=<pycaret.regression.oop.RegressionExperiment object at 0x000002D7729761F0>, estimator=XGBRegressor(base_score=None, booster='gbtree', callbacks=None,
             colsample_bylevel=None, colsample_bynode=None,
             colsample_bytree=None, early_stopping_rounds=None,
             enable_categorical=False, eval_metric=None, feature_types=None,
             gamma=None, gpu_id=None, grow_policy=None, importance_type=None,
             interaction_constraints=None, learning_rate=None, max_bin=None,
             max_cat_threshold=None, max_cat_to_onehot=None,
             max_delta_step=None, max_depth=None, max_leaves=None,
             min_child_weight=None, missing=nan, monotone_constraints=None,
             n_estimators=100, n_jobs=-1, num_parallel_tree=None,
             predictor=None, random_state=99, ...), fold=KFold(n_splits=10, random_state=None, shuffle=False), round=4, cross_validation=False, predict=False, fit_kwargs={}, groups=None, refit=True, probability_threshold=None, experiment_custom_tags=None, verbose=False, system=False, add_to_model_list=True, metrics=None, display=None, model_only=True, return_train_score=False, kwargs={})
2023-09-28 02:15:11,464:INFO:Checking exceptions
2023-09-28 02:15:11,468:INFO:Importing libraries
2023-09-28 02:15:11,469:INFO:Copying training dataset
2023-09-28 02:15:11,595:INFO:Defining folds
2023-09-28 02:15:11,595:INFO:Declaring metric variables
2023-09-28 02:15:11,595:INFO:Importing untrained model
2023-09-28 02:15:11,595:INFO:Declaring custom model
2023-09-28 02:15:11,596:INFO:Extreme Gradient Boosting Imported successfully
2023-09-28 02:15:11,597:INFO:Cross validation set to False
2023-09-28 02:15:11,597:INFO:Fitting Model
2023-09-28 02:15:19,167:INFO:XGBRegressor(base_score=None, booster='gbtree', callbacks=None,
             colsample_bylevel=None, colsample_bynode=None,
             colsample_bytree=None, early_stopping_rounds=None,
             enable_categorical=False, eval_metric=None, feature_types=None,
             gamma=None, gpu_id=None, grow_policy=None, importance_type=None,
             interaction_constraints=None, learning_rate=None, max_bin=None,
             max_cat_threshold=None, max_cat_to_onehot=None,
             max_delta_step=None, max_depth=None, max_leaves=None,
             min_child_weight=None, missing=nan, monotone_constraints=None,
             n_estimators=100, n_jobs=-1, num_parallel_tree=None,
             predictor=None, random_state=99, ...)
2023-09-28 02:15:19,167:INFO:create_model() successfully completed......................................
2023-09-28 02:15:19,284:INFO:_master_model_container: 20
2023-09-28 02:15:19,285:INFO:_display_container: 2
2023-09-28 02:15:19,285:INFO:XGBRegressor(base_score=None, booster='gbtree', callbacks=None,
             colsample_bylevel=None, colsample_bynode=None,
             colsample_bytree=None, early_stopping_rounds=None,
             enable_categorical=False, eval_metric=None, feature_types=None,
             gamma=None, gpu_id=None, grow_policy=None, importance_type=None,
             interaction_constraints=None, learning_rate=None, max_bin=None,
             max_cat_threshold=None, max_cat_to_onehot=None,
             max_delta_step=None, max_depth=None, max_leaves=None,
             min_child_weight=None, missing=nan, monotone_constraints=None,
             n_estimators=100, n_jobs=-1, num_parallel_tree=None,
             predictor=None, random_state=99, ...)
2023-09-28 02:15:19,285:INFO:compare_models() successfully completed......................................
